                         Lattice Mapping Report File
Design:  top
Family:  iCE40UP
Device:  iCE40UP5K
Package: SG48
Performance Grade:  High-Performance_1.2V

Mapper:    version Radiant Software (64-bit) 2023.1.0.43.3
Mapped on: Wed Oct 23 16:53:28 2024

Design Information
------------------

Command line:   map -i lab6_impl_1_syn.udb -pdc Z:/es4/Lab6/pinmap.pdc -o
     lab6_impl_1_map.udb -mp lab6_impl_1.mrp -hierrpt -gui

Design Summary
--------------

   Number of slice registers:  19 out of  5280 (<1%)
   Number of I/O registers:      0 out of   117 (0%)
   Number of LUT4s:            53 out of  5280 (1%)
      Number of logic LUT4s:              33
      Number of ripple logic:             10 (20 LUT4s)
   Number of IO sites used:   15 out of 39 (38%)
      Number of IO sites used for general PIO: 15
      Number of IO sites used for I3C: 0 out of 2 (0%)
      (note: If I3C is not used, its site can be used as general PIO)
      Number of IO sites used for PIO+I3C: 15 out of 36 (42%)
      Number of IO sites used for OD+RGB IO buffers: 0 out of 3 (0%)
      (note: If RGB LED drivers are not used, sites can be used as OD outputs,
       see TN1288 iCE40 LED Driver Usage Guide)
      Number of IO sites used for PIO+I3C+OD+RGB: 15 out of 39 (38%)
   Number of DSPs:             1 out of 8 (12%)
   Number of I2Cs:             0 out of 2 (0%)
   Number of High Speed OSCs:  1 out of 1 (100%)
   Number of Low Speed OSCs:   0 out of 1 (0%)
   Number of RGB PWM:          0 out of 1 (0%)
   Number of RGB Drivers:      0 out of 1 (0%)
   Number of SCL FILTERs:      0 out of 2 (0%)
   Number of SRAMs:            0 out of 4 (0%)
   Number of WARMBOOTs:        0 out of 1 (0%)
   Number of SPIs:             0 out of 2 (0%)
   Number of EBRs:             0 out of 30 (0%)
   Number of PLLs:             0 out of 1 (0%)
   Number of Clocks:  1
      Net clk: 10 loads, 10 rising, 0 falling (Driver: Pin osc/CLKHF)
   Number of Clock Enables:  1
      Net VCC_net: 1 loads, 0 SLICEs
   Number of LSRs:  0
   Top 10 highest fanout non-clock nets:
      Net LED_1_c: 10 loads
      Net dual_display.lowBCD[0]: 8 loads
      Net dual_display.display_pins1_0__N_13: 7 loads
      Net dual_display.lowBCD[2]: 7 loads
      Net dual_display.lowBCD[3]: 7 loads
      Net highBCD[0]: 7 loads
      Net highBCD[1]: 7 loads
      Net highBCD[2]: 7 loads
      Net dual_display.input_num_c_3: 6 loads
      Net dual_display.input_num_c_4: 6 loads

                                    Page 1









   Number of warnings:  0
   Number of errors:    0

Design Errors/Warnings
----------------------

   No errors or warnings present.

IO (PIO) Attributes
-------------------

+---------------------+-----------+-----------+-------+-------+-----------+
| IO Name             | Direction | Levelmode |  IO   |  IO   | Special   |
|                     |           |  IO_TYPE  |  REG  |  DDR  | IO Buffer |
+---------------------+-----------+-----------+-------+-------+-----------+
| input_num[0]        | INPUT     |           |       |       |           |
+---------------------+-----------+-----------+-------+-------+-----------+
| input_num[1]        | INPUT     |           |       |       |           |
+---------------------+-----------+-----------+-------+-------+-----------+
| input_num[2]        | INPUT     |           |       |       |           |
+---------------------+-----------+-----------+-------+-------+-----------+
| input_num[3]        | INPUT     |           |       |       |           |
+---------------------+-----------+-----------+-------+-------+-----------+
| input_num[4]        | INPUT     |           |       |       |           |
+---------------------+-----------+-----------+-------+-------+-----------+
| input_num[5]        | INPUT     |           |       |       |           |
+---------------------+-----------+-----------+-------+-------+-----------+
| LED_1               | OUTPUT    |           |       |       |           |
+---------------------+-----------+-----------+-------+-------+-----------+
| LED_0               | OUTPUT    |           |       |       |           |
+---------------------+-----------+-----------+-------+-------+-----------+
| current_display[0]  | OUTPUT    |           |       |       |           |
+---------------------+-----------+-----------+-------+-------+-----------+
| current_display[1]  | OUTPUT    |           |       |       |           |
+---------------------+-----------+-----------+-------+-------+-----------+
| current_display[2]  | OUTPUT    |           |       |       |           |
+---------------------+-----------+-----------+-------+-------+-----------+
| current_display[3]  | OUTPUT    |           |       |       |           |
+---------------------+-----------+-----------+-------+-------+-----------+
| current_display[4]  | OUTPUT    |           |       |       |           |
+---------------------+-----------+-----------+-------+-------+-----------+
| current_display[5]  | OUTPUT    |           |       |       |           |
+---------------------+-----------+-----------+-------+-------+-----------+
| current_display[6]  | OUTPUT    |           |       |       |           |
+---------------------+-----------+-----------+-------+-------+-----------+

Removed logic
-------------

Block i1 was optimized away.

OSC Summary
-----------

OSC 1:                                 Pin/Node Value

                                    Page 2





OSC Summary (cont)
------------------
  OSC Instance Name:                            osc
  Power UP:                            NODE     VCC_net
  Enable Signal:                       NODE     VCC_net
  OSC Output:                          NODE     clk
  DIV Setting:                                  00

ASIC Components
---------------

Instance Name: dual_display/lowBCD_0__I_0
         Type: DSP
Instance Name: osc
         Type: HFOSC

Constraint Summary
------------------

   Total number of constraints: 16
   Total number of constraints dropped: 0

Run Time and Memory Usage
-------------------------

   Total CPU Time: 0 secs
   Total REAL Time: 0 secs
   Peak Memory Usage: 56 MB
































                                    Page 3


Copyright (c) 1991-1994 by NeoCAD Inc. All rights reserved.
Copyright (c) 1995
     AT&T Corp.   All rights reserved.
Copyright (c) 1995-2001 Lucent
     Technologies Inc.  All rights reserved.
Copyright (c) 2001 Agere Systems
     All rights reserved.
Copyright (c) 2002-2023 Lattice Semiconductor
     Corporation,  All rights reserved.
